[2024-07-07 15:52:33] local.ERROR: Maximum execution time of 30 seconds exceeded {"userId":31,"exception":"[object] (Symfony\\Component\\ErrorHandler\\Error\\FatalError(code: 0): Maximum execution time of 30 seconds exceeded at D:\\2. Dokumen Ibad\\11. Personal Business\\Projects\\2. Running\\Camellia Maintenance\\test_env\\local\\vendor\\laravel\\framework\\src\\Illuminate\\Database\\Connection.php:375)
[stacktrace]
#0 {main}
"} 
[2024-07-07 15:53:14] local.ERROR: Maximum execution time of 30 seconds exceeded {"userId":31,"exception":"[object] (Symfony\\Component\\ErrorHandler\\Error\\FatalError(code: 0): Maximum execution time of 30 seconds exceeded at D:\\2. Dokumen Ibad\\11. Personal Business\\Projects\\2. Running\\Camellia Maintenance\\test_env\\local\\vendor\\laravel\\framework\\src\\Illuminate\\Database\\Connection.php:368)
[stacktrace]
#0 {main}
"} 
[2024-07-11 13:03:55] local.ERROR: Maximum execution time of 30 seconds exceeded {"userId":31,"exception":"[object] (Symfony\\Component\\ErrorHandler\\Error\\FatalError(code: 0): Maximum execution time of 30 seconds exceeded at D:\\2. Dokumen Ibad\\11. Personal Business\\Projects\\2. Running\\Camellia Maintenance\\test_env\\local\\vendor\\laravel\\framework\\src\\Illuminate\\Database\\Connection.php:375)
[stacktrace]
#0 {main}
"} 
[2024-07-29 10:12:40] local.ERROR: Maximum execution time of 30 seconds exceeded {"userId":31,"exception":"[object] (Symfony\\Component\\ErrorHandler\\Error\\FatalError(code: 0): Maximum execution time of 30 seconds exceeded at D:\\2. Dokumen Ibad\\11. Personal Business\\Projects\\2. Running\\Camellia Maintenance\\test_env\\local\\vendor\\laravel\\framework\\src\\Illuminate\\Database\\Connection.php:375)
[stacktrace]
#0 {main}
"} 
[2024-07-29 10:16:17] local.ERROR: Maximum execution time of 30 seconds exceeded {"userId":31,"exception":"[object] (Symfony\\Component\\ErrorHandler\\Error\\FatalError(code: 0): Maximum execution time of 30 seconds exceeded at D:\\2. Dokumen Ibad\\11. Personal Business\\Projects\\2. Running\\Camellia Maintenance\\test_env\\local\\vendor\\laravel\\framework\\src\\Illuminate\\Database\\Connection.php:375)
[stacktrace]
#0 {main}
"} 
[2024-07-29 10:16:44] local.ERROR: filemtime(): stat failed for D:\2. Dokumen Ibad\11. Personal Business\Projects\2. Running\Camellia Maintenance\test_env\local\.env {"exception":"[object] (ErrorException(code: 0): filemtime(): stat failed for D:\\2. Dokumen Ibad\\11. Personal Business\\Projects\\2. Running\\Camellia Maintenance\\test_env\\local\\.env at D:\\2. Dokumen Ibad\\11. Personal Business\\Projects\\2. Running\\Camellia Maintenance\\test_env\\local\\vendor\\laravel\\framework\\src\\Illuminate\\Foundation\\Console\\ServeCommand.php:66)
[stacktrace]
#0 [internal function]: Illuminate\\Foundation\\Bootstrap\\HandleExceptions->handleError()
#1 D:\\2. Dokumen Ibad\\11. Personal Business\\Projects\\2. Running\\Camellia Maintenance\\test_env\\local\\vendor\\laravel\\framework\\src\\Illuminate\\Foundation\\Console\\ServeCommand.php(66): filemtime()
#2 D:\\2. Dokumen Ibad\\11. Personal Business\\Projects\\2. Running\\Camellia Maintenance\\test_env\\local\\vendor\\laravel\\framework\\src\\Illuminate\\Container\\BoundMethod.php(36): Illuminate\\Foundation\\Console\\ServeCommand->handle()
#3 D:\\2. Dokumen Ibad\\11. Personal Business\\Projects\\2. Running\\Camellia Maintenance\\test_env\\local\\vendor\\laravel\\framework\\src\\Illuminate\\Container\\Util.php(40): Illuminate\\Container\\BoundMethod::Illuminate\\Container\\{closure}()
#4 D:\\2. Dokumen Ibad\\11. Personal Business\\Projects\\2. Running\\Camellia Maintenance\\test_env\\local\\vendor\\laravel\\framework\\src\\Illuminate\\Container\\BoundMethod.php(93): Illuminate\\Container\\Util::unwrapIfClosure()
#5 D:\\2. Dokumen Ibad\\11. Personal Business\\Projects\\2. Running\\Camellia Maintenance\\test_env\\local\\vendor\\laravel\\framework\\src\\Illuminate\\Container\\BoundMethod.php(35): Illuminate\\Container\\BoundMethod::callBoundMethod()
#6 D:\\2. Dokumen Ibad\\11. Personal Business\\Projects\\2. Running\\Camellia Maintenance\\test_env\\local\\vendor\\laravel\\framework\\src\\Illuminate\\Container\\Container.php(653): Illuminate\\Container\\BoundMethod::call()
#7 D:\\2. Dokumen Ibad\\11. Personal Business\\Projects\\2. Running\\Camellia Maintenance\\test_env\\local\\vendor\\laravel\\framework\\src\\Illuminate\\Console\\Command.php(136): Illuminate\\Container\\Container->call()
#8 D:\\2. Dokumen Ibad\\11. Personal Business\\Projects\\2. Running\\Camellia Maintenance\\test_env\\local\\vendor\\symfony\\console\\Command\\Command.php(298): Illuminate\\Console\\Command->execute()
#9 D:\\2. Dokumen Ibad\\11. Personal Business\\Projects\\2. Running\\Camellia Maintenance\\test_env\\local\\vendor\\laravel\\framework\\src\\Illuminate\\Console\\Command.php(120): Symfony\\Component\\Console\\Command\\Command->run()
#10 D:\\2. Dokumen Ibad\\11. Personal Business\\Projects\\2. Running\\Camellia Maintenance\\test_env\\local\\vendor\\symfony\\console\\Application.php(1040): Illuminate\\Console\\Command->run()
#11 D:\\2. Dokumen Ibad\\11. Personal Business\\Projects\\2. Running\\Camellia Maintenance\\test_env\\local\\vendor\\symfony\\console\\Application.php(301): Symfony\\Component\\Console\\Application->doRunCommand()
#12 D:\\2. Dokumen Ibad\\11. Personal Business\\Projects\\2. Running\\Camellia Maintenance\\test_env\\local\\vendor\\symfony\\console\\Application.php(171): Symfony\\Component\\Console\\Application->doRun()
#13 D:\\2. Dokumen Ibad\\11. Personal Business\\Projects\\2. Running\\Camellia Maintenance\\test_env\\local\\vendor\\laravel\\framework\\src\\Illuminate\\Console\\Application.php(94): Symfony\\Component\\Console\\Application->run()
#14 D:\\2. Dokumen Ibad\\11. Personal Business\\Projects\\2. Running\\Camellia Maintenance\\test_env\\local\\vendor\\laravel\\framework\\src\\Illuminate\\Foundation\\Console\\Kernel.php(129): Illuminate\\Console\\Application->run()
#15 D:\\2. Dokumen Ibad\\11. Personal Business\\Projects\\2. Running\\Camellia Maintenance\\test_env\\local\\artisan(35): Illuminate\\Foundation\\Console\\Kernel->handle()
#16 {main}
"} 
